[
  {
    "level": "INFO",
    "message": "android.ndkVersion from module build.gradle is [21.3.6528147]"
  },
  {
    "level": "INFO",
    "message": "android.ndkPath from module build.gradle is not set"
  },
  {
    "level": "INFO",
    "message": "ndk.dir in local.properties is not set"
  },
  {
    "level": "INFO",
    "message": "Not considering ANDROID_NDK_HOME because support was removed after deprecation period."
  },
  {
    "level": "INFO",
    "message": "sdkFolder is /Users/yashasvichaurasia/Library/Android/sdk"
  },
  {
    "level": "INFO",
    "message": "Folder /Users/yashasvichaurasia/Library/Android/sdk/ndk/21.3.6528147 does not exist. Ignoring."
  },
  {
    "level": "INFO",
    "message": "Folder /Users/yashasvichaurasia/Library/Android/sdk/ndk-bundle does not exist. Ignoring."
  },
  {
    "level": "INFO",
    "message": "No NDK was found. Trying to download it now."
  }
]